============================================================
Text-to-Sign Language DDIM Diffusion Model - Training
============================================================

Configuration:
  Data directory: /teamspace/studios/this_studio/text_to_sign/training_data
  Image size: 64
  Num frames: 32
  Model channels: 96
  Channel mult: (1, 2, 4, 8)
  Attention resolutions: (4, 8)
  Batch size: 2
  Grad accumulation: 8
  Effective batch size: 16
  Max optimizer steps this run: 32
  Epochs: 20
  Learning rate: 1e-05
  Device: cuda
  Mixed precision: True
  Precision mode: auto
  torch.compile: False
  Compile mode: reduce-overhead
  TF32: True
  channels_last_3d: True
  Gradient checkpointing: True
  Using CLIP text encoder: True
  Conditioning mode: normal
  Train/val split: signer_disjoint
  CLIP trainable layers: 2
  Text projection mode: mlp
  Length prefix conditioning: True
  Partial load on resume: True
  Motion loss weight: 0.1
  Motion loss start timestep: 500
  Timestep curriculum: True
  Sample inference steps: 20
  Sample guidance scale: 5.0
  Model size preset: large
  Model size detail: Higher-capacity preset for larger GPUs after the baseline is stable.
  Timesteps: 1000
  Beta schedule: cosine

Detected run name from checkpoint: text2sign_20260319_015042
uintx feature requires torch 2.3+, please upgrade pytorch
Using CLIP text encoder with last 2 layers trainable and projection_mode=mlp
🚀 CuDNN benchmarking enabled for speed
⚡ TF32 matmul/cuDNN enabled
🧠 Using channels_last_3d memory format for the UNet
🔢 Precision mode: bf16
⚙️ torch.compile disabled
⚡ Using Fused AdamW optimizer for increased speed
📈 Scheduler: total_steps=5100, warmup_steps=500, steps_per_epoch=255
   ✅ Config saved to text_to_sign/logs_v2_32/text2sign_20260319_015042/json/text2sign_20260319_015042_config.json
📊 Metrics Logger initialized:
   - Experiment: text2sign_20260319_015042
   - Log dir: text_to_sign/logs_v2_32/text2sign_20260319_015042
   - CSV: text_to_sign/logs_v2_32/text2sign_20260319_015042/csv
   - JSON: text_to_sign/logs_v2_32/text2sign_20260319_015042/json
📝 Experiment 'text2sign_20260319_015042' registered
✅ EMA initialized with decay=0.9999, update_every=10

============================================================
RESUMING TRAINING
============================================================
Loading checkpoint from /teamspace/studios/this_studio/text_to_sign/text_to_sign/checkpoints/text2sign_20260319_015042/best_model.pt...
  ⚠️ Flexible partial load for text encoder: loaded 196/196 keys; skipped 0 incompatible keys
  Loaded model weights (strict, partial)
  Warning: Could not load optimizer state: loaded state dict contains a parameter group that doesn't match the size of optimizer's group
  Starting with fresh optimizer
  Loaded LR scheduler state
  ✅ Loaded EMA state

Resuming from:
  Epoch: 19
  Global step: 4389
  Best loss: 0.009989
============================================================


======================================================================
🚀 Starting Training with Research-Grade Logging
======================================================================
Experiment: text2sign_20260319_015042
Logs: text_to_sign/logs_v2_32/text2sign_20260319_015042
Checkpoints: text_to_sign/checkpoints_v2_32/text2sign_20260319_015042
======================================================================

Loaded 3683 training samples using signer_disjoint split (231 train signers, 24 val signers, overlap=0)
Loaded 399 validation samples using signer_disjoint split (231 train signers, 24 val signers, overlap=0)
Starting training for 20 epochs
Training samples: 3683
Validation samples: 399
TensorBoard logs: text_to_sign/logs_v2_32/text2sign_20260319_015042
Checkpoints: text_to_sign/checkpoints_v2_32/text2sign_20260319_015042

======================================================================
📈 Epoch 20 started at 08:11:19
======================================================================
Epoch 20/20:   0%|          | 0/1841 [00:00<?, ?it/s]Epoch 20/20:   0%|          | 1/1841 [00:30<15:32:20, 30.40s/it]Epoch 20/20:   0%|          | 2/1841 [00:33<7:24:10, 14.49s/it] Epoch 20/20:   0%|          | 3/1841 [00:37<4:48:24,  9.41s/it]Epoch 20/20:   0%|          | 4/1841 [00:40<3:35:11,  7.03s/it]Epoch 20/20:   0%|          | 5/1841 [00:43<2:54:32,  5.70s/it]Epoch 20/20:   0%|          | 6/1841 [00:47<2:30:04,  4.91s/it]Epoch 20/20:   0%|          | 7/1841 [00:50<2:14:43,  4.41s/it]Epoch 20/20:   0%|          | 7/1841 [00:54<2:14:43,  4.41s/it, loss=0.0048, lr=1.00e-08, step=4390]Epoch 20/20:   0%|          | 8/1841 [00:54<2:11:42,  4.31s/it, loss=0.0048, lr=1.00e-08, step=4390]Epoch 20/20:   0%|          | 8/1841 [00:55<3:31:58,  6.94s/it, loss=0.0048, lr=1.00e-08, step=4390]
❌ Training crashed with error: CUDA out of memory. Tried to allocate 288.00 MiB. GPU 0 has a total capacity of 21.96 GiB of which 166.00 MiB is free. Process 274149 has 12.43 GiB memory in use. Process 277496 has 9.36 GiB memory in use. Of the allocated memory 8.99 GiB is allocated by PyTorch, and 112.00 MiB is reserved by PyTorch but unallocated. If reserved but unallocated memory is large try setting PYTORCH_CUDA_ALLOC_CONF=expandable_segments:True to avoid fragmentation.  See documentation for Memory Management  (https://pytorch.org/docs/stable/notes/cuda.html#environment-variables)
Traceback (most recent call last):
  File "/teamspace/studios/this_studio/text_to_sign/trainer.py", line 989, in train
    metrics = self.train_step(batch, accumulate_only=is_accumulating)
  File "/teamspace/studios/this_studio/text_to_sign/trainer.py", line 454, in train_step
    noise_pred = self.model(noisy_video, timesteps, text_embeddings)
  File "/home/zeus/miniconda3/envs/cloudspace/lib/python3.10/site-packages/torch/nn/modules/module.py", line 1511, in _wrapped_call_impl
    return self._call_impl(*args, **kwargs)
  File "/home/zeus/miniconda3/envs/cloudspace/lib/python3.10/site-packages/torch/nn/modules/module.py", line 1520, in _call_impl
    return forward_call(*args, **kwargs)
  File "/teamspace/studios/this_studio/text_to_sign/models/unet3d.py", line 950, in forward
    h = checkpoint(self._checkpoint_forward, layer, h, t_emb, context, use_reentrant=False)
  File "/home/zeus/miniconda3/envs/cloudspace/lib/python3.10/site-packages/torch/_compile.py", line 24, in inner
    return torch._dynamo.disable(fn, recursive)(*args, **kwargs)
  File "/home/zeus/miniconda3/envs/cloudspace/lib/python3.10/site-packages/torch/_dynamo/eval_frame.py", line 489, in _fn
    return fn(*args, **kwargs)
  File "/home/zeus/miniconda3/envs/cloudspace/lib/python3.10/site-packages/torch/_dynamo/external_utils.py", line 17, in inner
    return fn(*args, **kwargs)
  File "/home/zeus/miniconda3/envs/cloudspace/lib/python3.10/site-packages/torch/utils/checkpoint.py", line 489, in checkpoint
    ret = function(*args, **kwargs)
  File "/teamspace/studios/this_studio/text_to_sign/models/unet3d.py", line 880, in _checkpoint_forward
    return layer(h, t_emb)
  File "/home/zeus/miniconda3/envs/cloudspace/lib/python3.10/site-packages/torch/nn/modules/module.py", line 1511, in _wrapped_call_impl
    return self._call_impl(*args, **kwargs)
  File "/home/zeus/miniconda3/envs/cloudspace/lib/python3.10/site-packages/torch/nn/modules/module.py", line 1520, in _call_impl
    return forward_call(*args, **kwargs)
  File "/teamspace/studios/this_studio/text_to_sign/models/unet3d.py", line 184, in forward
    h = self.in_layers(x)
  File "/home/zeus/miniconda3/envs/cloudspace/lib/python3.10/site-packages/torch/nn/modules/module.py", line 1511, in _wrapped_call_impl
    return self._call_impl(*args, **kwargs)
  File "/home/zeus/miniconda3/envs/cloudspace/lib/python3.10/site-packages/torch/nn/modules/module.py", line 1520, in _call_impl
    return forward_call(*args, **kwargs)
  File "/home/zeus/miniconda3/envs/cloudspace/lib/python3.10/site-packages/torch/nn/modules/container.py", line 217, in forward
    input = module(input)
  File "/home/zeus/miniconda3/envs/cloudspace/lib/python3.10/site-packages/torch/nn/modules/module.py", line 1511, in _wrapped_call_impl
    return self._call_impl(*args, **kwargs)
  File "/home/zeus/miniconda3/envs/cloudspace/lib/python3.10/site-packages/torch/nn/modules/module.py", line 1520, in _call_impl
    return forward_call(*args, **kwargs)
  File "/teamspace/studios/this_studio/text_to_sign/models/unet3d.py", line 72, in forward
    return super().forward(x.float()).type(x.dtype)
  File "/home/zeus/miniconda3/envs/cloudspace/lib/python3.10/site-packages/torch/nn/modules/normalization.py", line 287, in forward
    return F.group_norm(
  File "/home/zeus/miniconda3/envs/cloudspace/lib/python3.10/site-packages/torch/nn/functional.py", line 2561, in group_norm
    return torch.group_norm(input, num_groups, weight, bias, eps, torch.backends.cudnn.enabled)
torch.cuda.OutOfMemoryError: CUDA out of memory. Tried to allocate 288.00 MiB. GPU 0 has a total capacity of 21.96 GiB of which 166.00 MiB is free. Process 274149 has 12.43 GiB memory in use. Process 277496 has 9.36 GiB memory in use. Of the allocated memory 8.99 GiB is allocated by PyTorch, and 112.00 MiB is reserved by PyTorch but unallocated. If reserved but unallocated memory is large try setting PYTORCH_CUDA_ALLOC_CONF=expandable_segments:True to avoid fragmentation.  See documentation for Memory Management  (https://pytorch.org/docs/stable/notes/cuda.html#environment-variables)
✅ Atomically saved checkpoint to text_to_sign/checkpoints_v2_32/text2sign_20260319_015042/emergency_checkpoint.pt
✅ Atomically saved checkpoint to text_to_sign/checkpoints_v2_32/text2sign_20260319_015042/final_model.pt

======================================================================
💾 Training Summary Saved:
======================================================================
  Total Duration: 0.03 hours
  Total Steps: 1
  Total Epochs: 0
  Summary: text_to_sign/logs_v2_32/text2sign_20260319_015042/json/text2sign_20260319_015042_summary.json
  Steps CSV: text_to_sign/logs_v2_32/text2sign_20260319_015042/csv/text2sign_20260319_015042_steps.csv
  Epochs CSV: text_to_sign/logs_v2_32/text2sign_20260319_015042/csv/text2sign_20260319_015042_epochs.csv
======================================================================


======================================================================
🎉 Training Shutdown Complete
======================================================================
Total training time: 0.03 hours
======================================================================

