uintx feature requires torch 2.3+, please upgrade pytorch
Using frozen pretrained CLIP text encoder
🚀 CuDNN benchmarking enabled for speed
⚡ TF32 matmul/cuDNN enabled
🧠 Using channels_last_3d memory format for the UNet
🔢 Precision mode: bf16
⚙️ torch.compile disabled
⚡ Using Fused AdamW optimizer for increased speed
📈 Scheduler: total_steps=7620, warmup_steps=500, steps_per_epoch=127
   ✅ Config saved to text_to_sign/logs/conditional_loss_audit/json/conditional_loss_audit_config.json
📊 Metrics Logger initialized:
   - Experiment: conditional_loss_audit
   - Log dir: text_to_sign/logs/conditional_loss_audit
   - CSV: text_to_sign/logs/conditional_loss_audit/csv
   - JSON: text_to_sign/logs/conditional_loss_audit/json
📝 Experiment 'conditional_loss_audit' registered
✅ EMA initialized with decay=0.9999, update_every=10
Loading checkpoint from /teamspace/studios/this_studio/text_to_sign/text_to_sign/checkpoints/text2sign_20260319_015042/best_model.pt...
  Loaded model weights
  Loaded optimizer state
  Loaded LR scheduler state
  ✅ Loaded EMA state
Loaded 399 validation samples using signer_disjoint split (231 train signers, 24 val signers, overlap=0)
Conditional loss audit:   0%|          | 0/2 [00:00<?, ?it/s]Conditional loss audit:  50%|█████     | 1/2 [00:12<00:12, 12.06s/it]Conditional loss audit:  50%|█████     | 1/2 [00:18<00:18, 18.07s/it]
Saved conditional-loss audit to /teamspace/studios/this_studio/text_to_sign/conditional_loss_audit_20260321/high_t_short_diverse_status.json
{
  "checkpoint": "/teamspace/studios/this_studio/text_to_sign/text_to_sign/checkpoints/text2sign_20260319_015042/best_model.pt",
  "num_samples": 8,
  "batch_size": 4,
  "repeats": 1,
  "selection": {
    "max_word_count": 5,
    "unique_prompts": true,
    "diverse_batches": true,
    "min_timestep": 700,
    "max_timestep": 1000
  },
  "device": "cuda",
  "normal_loss": {
    "mean": 0.9867837950587273,
    "ci95_low": 0.985451283492148,
    "ci95_high": 0.9879829129204154
  },
  "none_loss": {
    "mean": 0.9885165169835091,
    "ci95_low": 0.9871611405164004,
    "ci95_high": 0.9896879360079766
  },
  "random_loss": {
    "mean": 0.98680180311203,
    "ci95_low": 0.9854784769937396,
    "ci95_high": 0.9878734750673175
  },
  "none_minus_normal": {
    "mean": 0.0017327219247817993,
    "ci95_low": 0.001582801342010498,
    "ci95_high": 0.0018957639113068578
  },
  "random_minus_normal": {
    "mean": 1.8008053302764893e-05,
    "ci95_low": -0.0002898676320910454,
    "ci95_high": 0.000307766906917095
  },
  "prompt_ranking": {
    "top1_accuracy": {
      "mean": 0.375,
      "ci95_low": 0.0,
      "ci95_high": 0.75
    },
    "top3_accuracy": {
      "mean": 0.875,
      "ci95_low": 0.625,
      "ci95_high": 1.0
    },
    "mean_correct_rank": {
      "mean": 2.25,
      "ci95_low": 1.5,
      "ci95_high": 3.0
    },
    "mean_best_wrong_minus_correct": {
      "mean": -0.0002346038818359375,
      "ci95_low": -0.0004472086206078529,
      "ci95_high": -2.8951652348041824e-05
    },
    "chance_top1": 0.25
  },
  "records": [
    {
      "batch_index": 0,
      "sample_index": 0,
      "text": "MICHAEL ROSENGART: Thrusters.",
      "normal_loss": 0.9841086864471436,
      "none_loss": 0.9861814379692078,
      "random_loss": 0.9847724437713623,
      "correct_rank": 1,
      "top1_hit": true,
      "top3_hit": true,
      "best_wrong_minus_correct": 2.5928020477294922e-05
    },
    {
      "batch_index": 0,
      "sample_index": 1,
      "text": "Good.",
      "normal_loss": 0.988189697265625,
      "none_loss": 0.9898136854171753,
      "random_loss": 0.988013744354248,
      "correct_rank": 3,
      "top1_hit": false,
      "top3_hit": true,
      "best_wrong_minus_correct": -0.0005785226821899414
    },
    {
      "batch_index": 0,
      "sample_index": 2,
      "text": "It's not segmented.",
      "normal_loss": 0.987794816493988,
      "none_loss": 0.9894447326660156,
      "random_loss": 0.9874781370162964,
      "correct_rank": 3,
      "top1_hit": false,
      "top3_hit": true,
      "best_wrong_minus_correct": -0.0003166794776916504
    },
    {
      "batch_index": 0,
      "sample_index": 3,
      "text": "Try it.",
      "normal_loss": 0.9870812892913818,
      "none_loss": 0.9889719486236572,
      "random_loss": 0.9874601364135742,
      "correct_rank": 1,
      "top1_hit": true,
      "top3_hit": true,
      "best_wrong_minus_correct": 0.00023937225341796875
    },
    {
      "batch_index": 1,
      "sample_index": 0,
      "text": "That's good.",
      "normal_loss": 0.9836215972900391,
      "none_loss": 0.9851884841918945,
      "random_loss": 0.9832954406738281,
      "correct_rank": 2,
      "top1_hit": false,
      "top3_hit": true,
      "best_wrong_minus_correct": -0.0003261566162109375
    },
    {
      "batch_index": 1,
      "sample_index": 1,
      "text": "It's one smooth movement.",
      "normal_loss": 0.9880037307739258,
      "none_loss": 0.9900857210159302,
      "random_loss": 0.9882655143737793,
      "correct_rank": 1,
      "top1_hit": true,
      "top3_hit": true,
      "best_wrong_minus_correct": 4.303455352783203e-05
    },
    {
      "batch_index": 1,
      "sample_index": 2,
      "text": "Okay.",
      "normal_loss": 0.989051342010498,
      "none_loss": 0.9904398322105408,
      "random_loss": 0.9883577227592468,
      "correct_rank": 4,
      "top1_hit": false,
      "top3_hit": false,
      "best_wrong_minus_correct": -0.0006936192512512207
    },
    {
      "batch_index": 1,
      "sample_index": 3,
      "text": "Good work, Jonesy.",
      "normal_loss": 0.9864192008972168,
      "none_loss": 0.9880062937736511,
      "random_loss": 0.986771285533905,
      "correct_rank": 3,
      "top1_hit": false,
      "top3_hit": true,
      "best_wrong_minus_correct": -0.0002701878547668457
    }
  ]
}
EXIT_STATUS:0
