uintx feature requires torch 2.3+, please upgrade pytorch
Using frozen pretrained CLIP text encoder (projection_mode=identity)
🚀 CuDNN benchmarking enabled for speed
⚡ TF32 matmul/cuDNN enabled
🧠 Using channels_last_3d memory format for the UNet
🔢 Precision mode: bf16
⚙️ torch.compile disabled
⚡ Using Fused AdamW optimizer for increased speed
📈 Scheduler: total_steps=12700, warmup_steps=500, steps_per_epoch=127
   ✅ Config saved to text_to_sign/logs/conditional_loss_audit/json/conditional_loss_audit_config.json
📊 Metrics Logger initialized:
   - Experiment: conditional_loss_audit
   - Log dir: text_to_sign/logs/conditional_loss_audit
   - CSV: text_to_sign/logs/conditional_loss_audit/csv
   - JSON: text_to_sign/logs/conditional_loss_audit/json
📝 Experiment 'conditional_loss_audit' registered
✅ EMA initialized with decay=0.9999, update_every=10
Loading checkpoint from /teamspace/studios/this_studio/text_to_sign/text_to_sign/checkpoints/text2sign_20260114_145727/best_model.pt...
  ⚠️ Flexible partial load for UNet: loaded 236/238 keys; skipped 2 incompatible keys
  Loaded model weights (partial, strict)
  Warning: Could not load optimizer state: loaded state dict contains a parameter group that doesn't match the size of optimizer's group
  Starting with fresh optimizer
  Loaded LR scheduler state
WARNING:utils.ema:EMA partial load: loaded 236 tensors, skipped 2 shape-mismatched tensors
  ✅ Loaded EMA state
Loaded 399 validation samples using signer_disjoint split (231 train signers, 24 val signers, overlap=0)
Conditional loss audit:   0%|          | 0/2 [00:00<?, ?it/s]Conditional loss audit:  50%|█████     | 1/2 [00:13<00:13, 13.96s/it]Conditional loss audit:  50%|█████     | 1/2 [00:20<00:20, 20.70s/it]
Saved conditional-loss audit to /teamspace/studios/this_studio/text_to_sign/conditional_loss_audit_20260321/small_baseline_20260114_high_t_short_v2.json
{
  "checkpoint": "/teamspace/studios/this_studio/text_to_sign/text_to_sign/checkpoints/text2sign_20260114_145727/best_model.pt",
  "num_samples": 8,
  "batch_size": 4,
  "repeats": 1,
  "selection": {
    "max_word_count": 5,
    "unique_prompts": true,
    "diverse_batches": true,
    "min_timestep": 70,
    "max_timestep": 100
  },
  "device": "cuda",
  "normal_loss": {
    "mean": 0.06274823797866702,
    "ci95_low": 0.06220273966901004,
    "ci95_high": 0.0633703307947144
  },
  "none_loss": {
    "mean": 0.06274514365941286,
    "ci95_low": 0.0621865501627326,
    "ci95_high": 0.06337167657911777
  },
  "random_loss": {
    "mean": 0.06274757860228419,
    "ci95_low": 0.06220734674716368,
    "ci95_high": 0.06335604904452338
  },
  "none_minus_normal": {
    "mean": -3.0943192541599274e-06,
    "ci95_low": -5.8962032198905945e-06,
    "ci95_high": 5.960464477539063e-08
  },
  "random_minus_normal": {
    "mean": -6.593763828277588e-07,
    "ci95_low": -1.748558133840561e-06,
    "ci95_high": 5.328212864696974e-07
  },
  "prompt_ranking": {
    "top1_accuracy": {
      "mean": 0.0,
      "ci95_low": 0.0,
      "ci95_high": 0.0
    },
    "top3_accuracy": {
      "mean": 0.875,
      "ci95_low": 0.625,
      "ci95_high": 1.0
    },
    "mean_correct_rank": {
      "mean": 2.75,
      "ci95_low": 2.375,
      "ci95_high": 3.125
    },
    "mean_best_wrong_minus_correct": {
      "mean": -2.307351678609848e-06,
      "ci95_low": -3.0421651899814606e-06,
      "ci95_high": -1.5753321349620845e-06
    },
    "chance_top1": 0.25
  },
  "records": [
    {
      "batch_index": 0,
      "sample_index": 0,
      "text": "MICHAEL ROSENGART: Thrusters.",
      "normal_loss": 0.06146487221121788,
      "none_loss": 0.06145946681499481,
      "random_loss": 0.06146230548620224,
      "correct_rank": 4,
      "top1_hit": false,
      "top3_hit": false,
      "best_wrong_minus_correct": -3.3937394618988037e-06
    },
    {
      "batch_index": 0,
      "sample_index": 1,
      "text": "Good.",
      "normal_loss": 0.06264376640319824,
      "none_loss": 0.06264319270849228,
      "random_loss": 0.06264122575521469,
      "correct_rank": 2,
      "top1_hit": false,
      "top3_hit": true,
      "best_wrong_minus_correct": -2.5406479835510254e-06
    },
    {
      "batch_index": 0,
      "sample_index": 2,
      "text": "It's not segmented.",
      "normal_loss": 0.062330104410648346,
      "none_loss": 0.06232532858848572,
      "random_loss": 0.06232738494873047,
      "correct_rank": 3,
      "top1_hit": false,
      "top3_hit": true,
      "best_wrong_minus_correct": -2.7194619178771973e-06
    },
    {
      "batch_index": 0,
      "sample_index": 3,
      "text": "Try it.",
      "normal_loss": 0.06440628319978714,
      "none_loss": 0.06441143155097961,
      "random_loss": 0.06440841406583786,
      "correct_rank": 2,
      "top1_hit": false,
      "top3_hit": true,
      "best_wrong_minus_correct": -3.129243850708008e-07
    },
    {
      "batch_index": 1,
      "sample_index": 0,
      "text": "That's good.",
      "normal_loss": 0.06298564374446869,
      "none_loss": 0.06297583878040314,
      "random_loss": 0.06298550963401794,
      "correct_rank": 3,
      "top1_hit": false,
      "top3_hit": true,
      "best_wrong_minus_correct": -3.769993782043457e-06
    },
    {
      "batch_index": 1,
      "sample_index": 1,
      "text": "It's one smooth movement.",
      "normal_loss": 0.06202396750450134,
      "none_loss": 0.06201685965061188,
      "random_loss": 0.06202433630824089,
      "correct_rank": 3,
      "top1_hit": false,
      "top3_hit": true,
      "best_wrong_minus_correct": -1.169741153717041e-06
    },
    {
      "batch_index": 1,
      "sample_index": 2,
      "text": "Okay.",
      "normal_loss": 0.06268596649169922,
      "none_loss": 0.0626838207244873,
      "random_loss": 0.06268634647130966,
      "correct_rank": 2,
      "top1_hit": false,
      "top3_hit": true,
      "best_wrong_minus_correct": -2.5480985641479492e-06
    },
    {
      "batch_index": 1,
      "sample_index": 3,
      "text": "Good work, Jonesy.",
      "normal_loss": 0.06344529986381531,
      "none_loss": 0.06344521045684814,
      "random_loss": 0.06344510614871979,
      "correct_rank": 3,
      "top1_hit": false,
      "top3_hit": true,
      "best_wrong_minus_correct": -2.0042061805725098e-06
    }
  ]
}
